2023-03-12 23:29:20,170:INFO:PyCaret Supervised Module
2023-03-12 23:29:20,171:INFO:ML Usecase: classification
2023-03-12 23:29:20,171:INFO:version 2.3.10
2023-03-12 23:29:20,171:INFO:Initializing setup()
2023-03-12 23:29:20,171:INFO:setup(target=SECTION, ml_usecase=classification, available_plots={'parameter': 'Hyperparameters', 'auc': 'AUC', 'confusion_matrix': 'Confusion Matrix', 'threshold': 'Threshold', 'pr': 'Precision Recall', 'error': 'Prediction Error', 'class_report': 'Class Report', 'rfe': 'Feature Selection', 'learning': 'Learning Curve', 'manifold': 'Manifold Learning', 'calibration': 'Calibration Curve', 'vc': 'Validation Curve', 'dimension': 'Dimensions', 'feature': 'Feature Importance', 'feature_all': 'Feature Importance (All)', 'boundary': 'Decision Boundary', 'lift': 'Lift Chart', 'gain': 'Gain Chart', 'tree': 'Decision Tree', 'ks': 'KS Statistic Plot'}, train_size=0.7, test_data=None, preprocess=True, imputation_type=simple, iterative_imputation_iters=5, categorical_features=None, categorical_imputation=constant, categorical_iterative_imputer=lightgbm, ordinal_features=None, high_cardinality_features=None, high_cardinality_method=frequency, numeric_features=None, numeric_imputation=mean, numeric_iterative_imputer=lightgbm, date_features=None, ignore_features=None, normalize=False, normalize_method=zscore, transformation=False, transformation_method=yeo-johnson, handle_unknown_categorical=True, unknown_categorical_method=least_frequent, pca=False, pca_method=linear, pca_components=None, ignore_low_variance=False, combine_rare_levels=False, rare_level_threshold=0.1, bin_numeric_features=None, remove_outliers=False, outliers_threshold=0.05, remove_multicollinearity=False, multicollinearity_threshold=0.9, remove_perfect_collinearity=True, create_clusters=False, cluster_iter=20, polynomial_features=False, polynomial_degree=2, trigonometry_features=False, polynomial_threshold=0.1, group_features=None, group_names=None, feature_selection=False, feature_selection_threshold=0.8, feature_selection_method=classic, feature_interaction=False, feature_ratio=False, interaction_threshold=0.01, fix_imbalance=False, fix_imbalance_method=None, transform_target=False, transform_target_method=box-cox, data_split_shuffle=True, data_split_stratify=False, fold_strategy=stratifiedkfold, fold=10, fold_shuffle=False, fold_groups=None, n_jobs=-1, use_gpu=False, custom_pipeline=None, html=True, session_id=None, log_experiment=False, experiment_name=None, experiment_custom_tags=None, log_plots=False, log_profile=False, log_data=False, silent=False, verbose=True, profile=False, profile_kwargs=None, display=None)
2023-03-12 23:29:20,171:INFO:Checking environment
2023-03-12 23:29:20,171:INFO:python_version: 3.7.15
2023-03-12 23:29:20,171:INFO:python_build: ('default', 'Nov 24 2022 18:44:54')
2023-03-12 23:29:20,171:INFO:machine: AMD64
2023-03-12 23:29:20,171:INFO:platform: Windows-10-10.0.19041-SP0
2023-03-12 23:29:20,171:INFO:Memory: svmem(total=17092636672, available=6253387776, percent=63.4, used=10839248896, free=6253387776)
2023-03-12 23:29:20,171:INFO:Physical Core: 8
2023-03-12 23:29:20,171:INFO:Logical Core: 8
2023-03-12 23:29:20,171:INFO:Checking libraries
2023-03-12 23:29:20,171:INFO:pd==1.3.5
2023-03-12 23:29:20,172:INFO:numpy==1.21.6
2023-03-12 23:29:20,172:INFO:sklearn==0.23.2
2023-03-12 23:29:20,172:INFO:lightgbm==3.3.3
2023-03-12 23:29:20,172:WARNING:catboost not found
2023-03-12 23:29:20,173:WARNING:xgboost not found
2023-03-12 23:29:20,173:INFO:mlflow==1.30.0
2023-03-12 23:29:20,173:INFO:Checking Exceptions
2023-03-12 23:29:20,173:INFO:Declaring global variables
2023-03-12 23:29:20,173:INFO:USI: c8b5
2023-03-12 23:29:20,173:INFO:pycaret_globals: {'pycaret_globals', 'create_model_container', '_all_models_internal', 'imputation_regressor', 'dashboard_logger', 'stratify_param', 'target_param', 'X_test', 'display_container', 'exp_name_log', 'html_param', 'transform_target_param', '_ml_usecase', 'X_train', 'fold_groups_param_full', 'y', 'logging_param', 'y_train', 'X', '_all_models', 'log_plots_param', 'seed', '_internal_pipeline', '_all_metrics', 'n_jobs_param', 'experiment__', 'fold_param', 'imputation_classifier', 'iterative_imputation_iters_param', '_available_plots', 'fold_generator', '_gpu_n_jobs_param', 'y_test', 'master_model_container', 'fold_groups_param', 'fix_imbalance_method_param', 'USI', 'fix_imbalance_param', 'transform_target_method_param', 'fold_shuffle_param', 'data_before_preprocess', 'gpu_param', 'prep_pipe'}
2023-03-12 23:29:20,173:INFO:Preparing display monitor
2023-03-12 23:29:20,173:INFO:Preparing display monitor
2023-03-12 23:29:20,180:INFO:Importing libraries
2023-03-12 23:29:20,180:INFO:Copying data for preprocessing
2023-03-12 23:29:20,186:INFO:Declaring preprocessing parameters
2023-03-12 23:29:20,187:INFO:Creating preprocessing pipeline
2023-03-12 23:29:20,192:INFO:Preprocessing pipeline created successfully
2023-03-12 23:29:20,192:ERROR:(Process Exit): setup has been interupted with user command 'quit'. setup must rerun.
2023-03-12 23:29:20,192:INFO:Creating global containers
2023-03-12 23:29:20,193:INFO:Internal pipeline: Pipeline(memory=None, steps=[('empty_step', 'passthrough')], verbose=False)
2023-03-12 23:32:06,521:INFO:PyCaret Supervised Module
2023-03-12 23:32:06,521:INFO:ML Usecase: classification
2023-03-12 23:32:06,522:INFO:version 2.3.10
2023-03-12 23:32:06,522:INFO:Initializing setup()
2023-03-12 23:32:06,522:INFO:setup(target=SECTION, ml_usecase=classification, available_plots={'parameter': 'Hyperparameters', 'auc': 'AUC', 'confusion_matrix': 'Confusion Matrix', 'threshold': 'Threshold', 'pr': 'Precision Recall', 'error': 'Prediction Error', 'class_report': 'Class Report', 'rfe': 'Feature Selection', 'learning': 'Learning Curve', 'manifold': 'Manifold Learning', 'calibration': 'Calibration Curve', 'vc': 'Validation Curve', 'dimension': 'Dimensions', 'feature': 'Feature Importance', 'feature_all': 'Feature Importance (All)', 'boundary': 'Decision Boundary', 'lift': 'Lift Chart', 'gain': 'Gain Chart', 'tree': 'Decision Tree', 'ks': 'KS Statistic Plot'}, train_size=0.7, test_data=None, preprocess=True, imputation_type=simple, iterative_imputation_iters=5, categorical_features=None, categorical_imputation=constant, categorical_iterative_imputer=lightgbm, ordinal_features=None, high_cardinality_features=None, high_cardinality_method=frequency, numeric_features=None, numeric_imputation=mean, numeric_iterative_imputer=lightgbm, date_features=None, ignore_features=None, normalize=False, normalize_method=zscore, transformation=False, transformation_method=yeo-johnson, handle_unknown_categorical=True, unknown_categorical_method=least_frequent, pca=False, pca_method=linear, pca_components=None, ignore_low_variance=False, combine_rare_levels=False, rare_level_threshold=0.1, bin_numeric_features=None, remove_outliers=False, outliers_threshold=0.05, remove_multicollinearity=False, multicollinearity_threshold=0.9, remove_perfect_collinearity=True, create_clusters=False, cluster_iter=20, polynomial_features=False, polynomial_degree=2, trigonometry_features=False, polynomial_threshold=0.1, group_features=None, group_names=None, feature_selection=False, feature_selection_threshold=0.8, feature_selection_method=classic, feature_interaction=False, feature_ratio=False, interaction_threshold=0.01, fix_imbalance=False, fix_imbalance_method=None, transform_target=False, transform_target_method=box-cox, data_split_shuffle=True, data_split_stratify=False, fold_strategy=stratifiedkfold, fold=10, fold_shuffle=False, fold_groups=None, n_jobs=-1, use_gpu=False, custom_pipeline=None, html=True, session_id=None, log_experiment=False, experiment_name=None, experiment_custom_tags=None, log_plots=False, log_profile=False, log_data=False, silent=False, verbose=True, profile=False, profile_kwargs=None, display=None)
2023-03-12 23:32:06,522:INFO:Checking environment
2023-03-12 23:32:06,522:INFO:python_version: 3.7.15
2023-03-12 23:32:06,522:INFO:python_build: ('default', 'Nov 24 2022 18:44:54')
2023-03-12 23:32:06,522:INFO:machine: AMD64
2023-03-12 23:32:06,523:INFO:platform: Windows-10-10.0.19041-SP0
2023-03-12 23:32:06,523:INFO:Memory: svmem(total=17092636672, available=2868310016, percent=83.2, used=14224326656, free=2868310016)
2023-03-12 23:32:06,523:INFO:Physical Core: 8
2023-03-12 23:32:06,523:INFO:Logical Core: 8
2023-03-12 23:32:06,523:INFO:Checking libraries
2023-03-12 23:32:06,523:INFO:pd==1.3.5
2023-03-12 23:32:06,523:INFO:numpy==1.21.6
2023-03-12 23:32:06,523:INFO:sklearn==0.23.2
2023-03-12 23:32:06,523:INFO:lightgbm==3.3.3
2023-03-12 23:32:06,524:WARNING:catboost not found
2023-03-12 23:32:06,524:WARNING:xgboost not found
2023-03-12 23:32:06,524:INFO:mlflow==1.30.0
2023-03-12 23:32:06,524:INFO:Checking Exceptions
2023-03-12 23:32:06,527:INFO:Declaring global variables
2023-03-12 23:32:06,528:INFO:USI: 1ad5
2023-03-12 23:32:06,528:INFO:pycaret_globals: {'transform_target_param', '_all_models', 'display_container', '_internal_pipeline', 'dashboard_logger', 'y_train', 'fold_param', 'data_before_preprocess', 'transform_target_method_param', 'X_test', 'fold_groups_param', 'y', 'html_param', 'n_jobs_param', 'fix_imbalance_method_param', 'y_test', 'log_plots_param', 'experiment__', 'X_train', 'pycaret_globals', 'master_model_container', 'fold_generator', '_all_models_internal', 'stratify_param', 'USI', 'prep_pipe', 'fix_imbalance_param', 'gpu_param', '_available_plots', 'iterative_imputation_iters_param', 'X', 'logging_param', '_all_metrics', '_gpu_n_jobs_param', 'target_param', 'exp_name_log', 'create_model_container', '_ml_usecase', 'seed', 'fold_shuffle_param', 'fold_groups_param_full', 'imputation_classifier', 'imputation_regressor'}
2023-03-12 23:32:06,528:INFO:Preparing display monitor
2023-03-12 23:32:06,528:INFO:Preparing display monitor
2023-03-12 23:32:06,534:INFO:Importing libraries
2023-03-12 23:32:06,534:INFO:Copying data for preprocessing
2023-03-12 23:32:09,228:INFO:Declaring preprocessing parameters
2023-03-12 23:32:10,063:INFO:Creating preprocessing pipeline
2023-03-12 23:32:36,451:INFO:Preprocessing pipeline created successfully
2023-03-12 23:32:36,452:ERROR:(Process Exit): setup has been interupted with user command 'quit'. setup must rerun.
2023-03-12 23:32:36,452:INFO:Creating global containers
2023-03-12 23:32:36,465:INFO:Internal pipeline: Pipeline(memory=None, steps=[('empty_step', 'passthrough')], verbose=False)
2023-03-12 23:41:44,830:INFO:PyCaret Supervised Module
2023-03-12 23:41:44,831:INFO:ML Usecase: classification
2023-03-12 23:41:44,831:INFO:version 2.3.10
2023-03-12 23:41:44,832:INFO:Initializing setup()
2023-03-12 23:41:44,832:INFO:setup(target=SECTION, ml_usecase=classification, available_plots={'parameter': 'Hyperparameters', 'auc': 'AUC', 'confusion_matrix': 'Confusion Matrix', 'threshold': 'Threshold', 'pr': 'Precision Recall', 'error': 'Prediction Error', 'class_report': 'Class Report', 'rfe': 'Feature Selection', 'learning': 'Learning Curve', 'manifold': 'Manifold Learning', 'calibration': 'Calibration Curve', 'vc': 'Validation Curve', 'dimension': 'Dimensions', 'feature': 'Feature Importance', 'feature_all': 'Feature Importance (All)', 'boundary': 'Decision Boundary', 'lift': 'Lift Chart', 'gain': 'Gain Chart', 'tree': 'Decision Tree', 'ks': 'KS Statistic Plot'}, train_size=0.7, test_data=None, preprocess=True, imputation_type=simple, iterative_imputation_iters=5, categorical_features=None, categorical_imputation=constant, categorical_iterative_imputer=lightgbm, ordinal_features=None, high_cardinality_features=None, high_cardinality_method=frequency, numeric_features=None, numeric_imputation=mean, numeric_iterative_imputer=lightgbm, date_features=None, ignore_features=None, normalize=False, normalize_method=zscore, transformation=False, transformation_method=yeo-johnson, handle_unknown_categorical=True, unknown_categorical_method=least_frequent, pca=False, pca_method=linear, pca_components=None, ignore_low_variance=False, combine_rare_levels=False, rare_level_threshold=0.1, bin_numeric_features=None, remove_outliers=False, outliers_threshold=0.05, remove_multicollinearity=False, multicollinearity_threshold=0.9, remove_perfect_collinearity=True, create_clusters=False, cluster_iter=20, polynomial_features=False, polynomial_degree=2, trigonometry_features=False, polynomial_threshold=0.1, group_features=None, group_names=None, feature_selection=False, feature_selection_threshold=0.8, feature_selection_method=classic, feature_interaction=False, feature_ratio=False, interaction_threshold=0.01, fix_imbalance=False, fix_imbalance_method=None, transform_target=False, transform_target_method=box-cox, data_split_shuffle=True, data_split_stratify=False, fold_strategy=stratifiedkfold, fold=10, fold_shuffle=False, fold_groups=None, n_jobs=-1, use_gpu=False, custom_pipeline=None, html=True, session_id=None, log_experiment=False, experiment_name=None, experiment_custom_tags=None, log_plots=False, log_profile=False, log_data=False, silent=False, verbose=True, profile=False, profile_kwargs=None, display=None)
2023-03-12 23:41:44,832:INFO:Checking environment
2023-03-12 23:41:44,832:INFO:python_version: 3.7.15
2023-03-12 23:41:44,832:INFO:python_build: ('default', 'Nov 24 2022 18:44:54')
2023-03-12 23:41:44,832:INFO:machine: AMD64
2023-03-12 23:41:44,832:INFO:platform: Windows-10-10.0.19041-SP0
2023-03-12 23:41:44,832:INFO:Memory: svmem(total=17092636672, available=11031592960, percent=35.5, used=6061043712, free=11031592960)
2023-03-12 23:41:44,832:INFO:Physical Core: 8
2023-03-12 23:41:44,832:INFO:Logical Core: 8
2023-03-12 23:41:44,832:INFO:Checking libraries
2023-03-12 23:41:44,833:INFO:pd==1.3.5
2023-03-12 23:41:44,833:INFO:numpy==1.21.6
2023-03-12 23:41:44,833:INFO:sklearn==0.23.2
2023-03-12 23:41:44,833:INFO:lightgbm==3.3.3
2023-03-12 23:41:44,833:WARNING:catboost not found
2023-03-12 23:41:44,834:WARNING:xgboost not found
2023-03-12 23:41:44,834:INFO:mlflow==1.30.0
2023-03-12 23:41:44,834:INFO:Checking Exceptions
2023-03-12 23:41:44,834:INFO:Declaring global variables
2023-03-12 23:41:44,834:INFO:USI: 870a
2023-03-12 23:41:44,835:INFO:pycaret_globals: {'fix_imbalance_param', 'experiment__', 'display_container', 'data_before_preprocess', 'master_model_container', '_all_models', 'gpu_param', 'exp_name_log', '_gpu_n_jobs_param', 'transform_target_method_param', '_available_plots', 'fix_imbalance_method_param', 'y', 'X_train', 'log_plots_param', 'transform_target_param', 'n_jobs_param', '_all_metrics', 'prep_pipe', '_internal_pipeline', 'seed', 'X', 'y_train', 'dashboard_logger', '_ml_usecase', 'fold_generator', 'X_test', 'USI', 'fold_groups_param', '_all_models_internal', 'fold_shuffle_param', 'pycaret_globals', 'fold_param', 'imputation_regressor', 'imputation_classifier', 'logging_param', 'iterative_imputation_iters_param', 'html_param', 'stratify_param', 'fold_groups_param_full', 'y_test', 'create_model_container', 'target_param'}
2023-03-12 23:41:44,835:INFO:Preparing display monitor
2023-03-12 23:41:44,835:INFO:Preparing display monitor
2023-03-12 23:41:44,842:INFO:Importing libraries
2023-03-12 23:41:44,842:INFO:Copying data for preprocessing
2023-03-12 23:41:44,855:INFO:Declaring preprocessing parameters
2023-03-12 23:41:44,858:INFO:Creating preprocessing pipeline
2023-03-12 23:41:44,935:INFO:Preprocessing pipeline created successfully
2023-03-12 23:41:44,935:ERROR:(Process Exit): setup has been interupted with user command 'quit'. setup must rerun.
2023-03-12 23:41:44,936:INFO:Creating global containers
2023-03-12 23:41:44,937:INFO:Internal pipeline: Pipeline(memory=None, steps=[('empty_step', 'passthrough')], verbose=False)
2023-03-12 23:41:46,758:WARNING:Couldn't import xgboost.XGBClassifier
2023-03-12 23:41:46,759:WARNING:Couldn't import catboost.CatBoostClassifier
2023-03-12 23:41:46,818:WARNING:Couldn't import xgboost.XGBClassifier
2023-03-12 23:41:46,819:WARNING:Couldn't import catboost.CatBoostClassifier
2023-03-12 23:41:46,819:INFO:Creating grid variables
2023-03-12 23:41:46,828:INFO:create_model_container: 0
2023-03-12 23:41:46,828:INFO:master_model_container: 0
2023-03-12 23:41:46,828:INFO:display_container: 1
2023-03-12 23:41:46,832:INFO:Pipeline(memory=None,
         steps=[('dtypes',
                 DataTypes_Auto_infer(categorical_features=[],
                                      display_types=True, features_todrop=[],
                                      id_columns=[],
                                      ml_usecase='classification',
                                      numerical_features=[], target='SECTION',
                                      time_features=[])),
                ('imputer',
                 Simple_Imputer(categorical_strategy='not_available',
                                fill_value_categorical=None,
                                fill_value_numerical=None,
                                numeric_stra...
                ('scaling', 'passthrough'), ('P_transform', 'passthrough'),
                ('binn', 'passthrough'), ('rem_outliers', 'passthrough'),
                ('cluster_all', 'passthrough'),
                ('dummy', Dummify(target='SECTION')),
                ('fix_perfect', Remove_100(target='SECTION')),
                ('clean_names', Clean_Colum_Names()),
                ('feature_select', 'passthrough'), ('fix_multi', 'passthrough'),
                ('dfs', 'passthrough'), ('pca', 'passthrough')],
         verbose=False)
2023-03-12 23:41:46,832:INFO:setup() succesfully completed......................................
2023-03-12 23:41:49,760:INFO:Initializing compare_models()
2023-03-12 23:41:49,760:INFO:compare_models(include=None, fold=None, round=4, cross_validation=True, sort=Accuracy, n_select=1, budget_time=None, turbo=True, errors=ignore, fit_kwargs=None, groups=None, experiment_custom_tags=None, probability_threshold=None, verbose=True, display=None, exclude=None)
2023-03-12 23:41:49,760:INFO:Checking exceptions
2023-03-12 23:41:49,760:INFO:Preparing display monitor
2023-03-12 23:41:49,761:INFO:Preparing display monitor
2023-03-12 23:41:49,780:INFO:Initializing Logistic Regression
2023-03-12 23:41:49,780:INFO:Total runtime is 0.0 minutes
2023-03-12 23:41:49,786:INFO:SubProcess create_model() called ==================================
2023-03-12 23:41:49,787:INFO:Initializing create_model()
2023-03-12 23:41:49,787:INFO:create_model(estimator=lr, fold=StratifiedKFold(n_splits=10, random_state=None, shuffle=False), round=4, cross_validation=True, predict=True, fit_kwargs={}, groups=None, refit=False, verbose=False, system=False, metrics=None, experiment_custom_tags=None, add_to_model_list=True, probability_threshold=None, display=<pycaret.internal.Display.Display object at 0x00000237EE858FC8>, return_train_score=False, kwargs={})
2023-03-12 23:41:49,787:INFO:Checking exceptions
2023-03-12 23:41:49,787:INFO:Importing libraries
2023-03-12 23:41:49,787:INFO:Copying training dataset
2023-03-12 23:41:49,788:INFO:Defining folds
2023-03-12 23:41:49,788:INFO:Declaring metric variables
2023-03-12 23:41:49,794:INFO:Importing untrained model
2023-03-12 23:41:49,799:INFO:Logistic Regression Imported succesfully
2023-03-12 23:41:49,811:INFO:Starting cross validation
2023-03-12 23:41:49,812:INFO:Cross validating with StratifiedKFold(n_splits=10, random_state=None, shuffle=False), n_jobs=-1
2023-03-12 23:41:53,888:INFO:Calculating mean and std
2023-03-12 23:41:53,891:INFO:Creating metrics dataframe
2023-03-12 23:41:53,909:INFO:Uploading results into container
2023-03-12 23:41:53,910:INFO:Uploading model into container now
2023-03-12 23:41:53,910:INFO:create_model_container: 1
2023-03-12 23:41:53,911:INFO:master_model_container: 1
2023-03-12 23:41:53,911:INFO:display_container: 2
2023-03-12 23:41:53,913:INFO:LogisticRegression(C=1.0, class_weight=None, dual=False, fit_intercept=True,
                   intercept_scaling=1, l1_ratio=None, max_iter=1000,
                   multi_class='auto', n_jobs=None, penalty='l2',
                   random_state=2429, solver='lbfgs', tol=0.0001, verbose=0,
                   warm_start=False)
2023-03-12 23:41:53,913:INFO:create_model() succesfully completed......................................
2023-03-12 23:41:53,999:INFO:SubProcess create_model() end ==================================
2023-03-12 23:41:53,999:INFO:Creating metrics dataframe
2023-03-12 23:41:54,010:INFO:Initializing K Neighbors Classifier
2023-03-12 23:41:54,010:INFO:Total runtime is 0.07049649953842163 minutes
2023-03-12 23:41:54,015:INFO:SubProcess create_model() called ==================================
2023-03-12 23:41:54,015:INFO:Initializing create_model()
2023-03-12 23:41:54,015:INFO:create_model(estimator=knn, fold=StratifiedKFold(n_splits=10, random_state=None, shuffle=False), round=4, cross_validation=True, predict=True, fit_kwargs={}, groups=None, refit=False, verbose=False, system=False, metrics=None, experiment_custom_tags=None, add_to_model_list=True, probability_threshold=None, display=<pycaret.internal.Display.Display object at 0x00000237EE858FC8>, return_train_score=False, kwargs={})
2023-03-12 23:41:54,015:INFO:Checking exceptions
2023-03-12 23:41:54,015:INFO:Importing libraries
2023-03-12 23:41:54,015:INFO:Copying training dataset
2023-03-12 23:41:54,016:INFO:Defining folds
2023-03-12 23:41:54,016:INFO:Declaring metric variables
2023-03-12 23:41:54,022:INFO:Importing untrained model
2023-03-12 23:41:54,027:INFO:K Neighbors Classifier Imported succesfully
2023-03-12 23:41:54,039:INFO:Starting cross validation
2023-03-12 23:41:54,039:INFO:Cross validating with StratifiedKFold(n_splits=10, random_state=None, shuffle=False), n_jobs=-1
2023-03-12 23:41:55,620:INFO:Calculating mean and std
2023-03-12 23:41:55,623:INFO:Creating metrics dataframe
2023-03-12 23:41:55,642:INFO:Uploading results into container
2023-03-12 23:41:55,643:INFO:Uploading model into container now
2023-03-12 23:41:55,643:INFO:create_model_container: 2
2023-03-12 23:41:55,643:INFO:master_model_container: 2
2023-03-12 23:41:55,643:INFO:display_container: 2
2023-03-12 23:41:55,645:INFO:KNeighborsClassifier(algorithm='auto', leaf_size=30, metric='minkowski',
                     metric_params=None, n_jobs=-1, n_neighbors=5, p=2,
                     weights='uniform')
2023-03-12 23:41:55,645:INFO:create_model() succesfully completed......................................
2023-03-12 23:41:55,735:INFO:SubProcess create_model() end ==================================
2023-03-12 23:41:55,735:INFO:Creating metrics dataframe
2023-03-12 23:41:55,750:INFO:Initializing Naive Bayes
2023-03-12 23:41:55,750:INFO:Total runtime is 0.09950745105743408 minutes
2023-03-12 23:41:55,757:INFO:SubProcess create_model() called ==================================
2023-03-12 23:41:55,757:INFO:Initializing create_model()
2023-03-12 23:41:55,757:INFO:create_model(estimator=nb, fold=StratifiedKFold(n_splits=10, random_state=None, shuffle=False), round=4, cross_validation=True, predict=True, fit_kwargs={}, groups=None, refit=False, verbose=False, system=False, metrics=None, experiment_custom_tags=None, add_to_model_list=True, probability_threshold=None, display=<pycaret.internal.Display.Display object at 0x00000237EE858FC8>, return_train_score=False, kwargs={})
2023-03-12 23:41:55,757:INFO:Checking exceptions
2023-03-12 23:41:55,757:INFO:Importing libraries
2023-03-12 23:41:55,757:INFO:Copying training dataset
2023-03-12 23:41:55,758:INFO:Defining folds
2023-03-12 23:41:55,758:INFO:Declaring metric variables
2023-03-12 23:41:55,764:INFO:Importing untrained model
2023-03-12 23:41:55,772:INFO:Naive Bayes Imported succesfully
2023-03-12 23:41:55,783:INFO:Starting cross validation
2023-03-12 23:41:55,784:INFO:Cross validating with StratifiedKFold(n_splits=10, random_state=None, shuffle=False), n_jobs=-1
2023-03-12 23:41:55,979:INFO:Calculating mean and std
2023-03-12 23:41:55,982:INFO:Creating metrics dataframe
2023-03-12 23:41:56,000:INFO:Uploading results into container
2023-03-12 23:41:56,001:INFO:Uploading model into container now
2023-03-12 23:41:56,001:INFO:create_model_container: 3
2023-03-12 23:41:56,002:INFO:master_model_container: 3
2023-03-12 23:41:56,002:INFO:display_container: 2
2023-03-12 23:41:56,003:INFO:GaussianNB(priors=None, var_smoothing=1e-09)
2023-03-12 23:41:56,004:INFO:create_model() succesfully completed......................................
2023-03-12 23:41:56,088:INFO:SubProcess create_model() end ==================================
2023-03-12 23:41:56,088:INFO:Creating metrics dataframe
2023-03-12 23:41:56,099:INFO:Initializing Decision Tree Classifier
2023-03-12 23:41:56,099:INFO:Total runtime is 0.10531780322392782 minutes
2023-03-12 23:41:56,105:INFO:SubProcess create_model() called ==================================
2023-03-12 23:41:56,105:INFO:Initializing create_model()
2023-03-12 23:41:56,105:INFO:create_model(estimator=dt, fold=StratifiedKFold(n_splits=10, random_state=None, shuffle=False), round=4, cross_validation=True, predict=True, fit_kwargs={}, groups=None, refit=False, verbose=False, system=False, metrics=None, experiment_custom_tags=None, add_to_model_list=True, probability_threshold=None, display=<pycaret.internal.Display.Display object at 0x00000237EE858FC8>, return_train_score=False, kwargs={})
2023-03-12 23:41:56,105:INFO:Checking exceptions
2023-03-12 23:41:56,106:INFO:Importing libraries
2023-03-12 23:41:56,106:INFO:Copying training dataset
2023-03-12 23:41:56,106:INFO:Defining folds
2023-03-12 23:41:56,107:INFO:Declaring metric variables
2023-03-12 23:41:56,112:INFO:Importing untrained model
2023-03-12 23:41:56,117:INFO:Decision Tree Classifier Imported succesfully
2023-03-12 23:41:56,129:INFO:Starting cross validation
2023-03-12 23:41:56,129:INFO:Cross validating with StratifiedKFold(n_splits=10, random_state=None, shuffle=False), n_jobs=-1
2023-03-12 23:41:57,148:INFO:Calculating mean and std
2023-03-12 23:41:57,149:INFO:Creating metrics dataframe
2023-03-12 23:41:57,159:INFO:Uploading results into container
2023-03-12 23:41:57,160:INFO:Uploading model into container now
2023-03-12 23:41:57,160:INFO:create_model_container: 4
2023-03-12 23:41:57,160:INFO:master_model_container: 4
2023-03-12 23:41:57,160:INFO:display_container: 2
2023-03-12 23:41:57,161:INFO:DecisionTreeClassifier(ccp_alpha=0.0, class_weight=None, criterion='gini',
                       max_depth=None, max_features=None, max_leaf_nodes=None,
                       min_impurity_decrease=0.0, min_impurity_split=None,
                       min_samples_leaf=1, min_samples_split=2,
                       min_weight_fraction_leaf=0.0, presort='deprecated',
                       random_state=2429, splitter='best')
2023-03-12 23:41:57,161:INFO:create_model() succesfully completed......................................
2023-03-12 23:41:57,234:INFO:SubProcess create_model() end ==================================
2023-03-12 23:41:57,235:INFO:Creating metrics dataframe
2023-03-12 23:41:57,246:INFO:Initializing SVM - Linear Kernel
2023-03-12 23:41:57,246:INFO:Total runtime is 0.12444052696228028 minutes
2023-03-12 23:41:57,251:INFO:SubProcess create_model() called ==================================
2023-03-12 23:41:57,252:INFO:Initializing create_model()
2023-03-12 23:41:57,252:INFO:create_model(estimator=svm, fold=StratifiedKFold(n_splits=10, random_state=None, shuffle=False), round=4, cross_validation=True, predict=True, fit_kwargs={}, groups=None, refit=False, verbose=False, system=False, metrics=None, experiment_custom_tags=None, add_to_model_list=True, probability_threshold=None, display=<pycaret.internal.Display.Display object at 0x00000237EE858FC8>, return_train_score=False, kwargs={})
2023-03-12 23:41:57,252:INFO:Checking exceptions
2023-03-12 23:41:57,252:INFO:Importing libraries
2023-03-12 23:41:57,252:INFO:Copying training dataset
2023-03-12 23:41:57,253:INFO:Defining folds
2023-03-12 23:41:57,253:INFO:Declaring metric variables
2023-03-12 23:41:57,258:INFO:Importing untrained model
2023-03-12 23:41:57,263:INFO:SVM - Linear Kernel Imported succesfully
2023-03-12 23:41:57,275:INFO:Starting cross validation
2023-03-12 23:41:57,276:INFO:Cross validating with StratifiedKFold(n_splits=10, random_state=None, shuffle=False), n_jobs=-1
2023-03-12 23:41:57,836:INFO:Calculating mean and std
2023-03-12 23:41:57,838:INFO:Creating metrics dataframe
2023-03-12 23:41:57,849:INFO:Uploading results into container
2023-03-12 23:41:57,849:INFO:Uploading model into container now
2023-03-12 23:41:57,850:INFO:create_model_container: 5
2023-03-12 23:41:57,850:INFO:master_model_container: 5
2023-03-12 23:41:57,850:INFO:display_container: 2
2023-03-12 23:41:57,852:INFO:SGDClassifier(alpha=0.0001, average=False, class_weight=None,
              early_stopping=False, epsilon=0.1, eta0=0.001, fit_intercept=True,
              l1_ratio=0.15, learning_rate='optimal', loss='hinge',
              max_iter=1000, n_iter_no_change=5, n_jobs=-1, penalty='l2',
              power_t=0.5, random_state=2429, shuffle=True, tol=0.001,
              validation_fraction=0.1, verbose=0, warm_start=False)
2023-03-12 23:41:57,852:INFO:create_model() succesfully completed......................................
2023-03-12 23:41:57,930:INFO:SubProcess create_model() end ==================================
2023-03-12 23:41:57,930:INFO:Creating metrics dataframe
2023-03-12 23:41:57,941:INFO:Initializing Ridge Classifier
2023-03-12 23:41:57,941:INFO:Total runtime is 0.1360158960024516 minutes
2023-03-12 23:41:57,947:INFO:SubProcess create_model() called ==================================
2023-03-12 23:41:57,947:INFO:Initializing create_model()
2023-03-12 23:41:57,947:INFO:create_model(estimator=ridge, fold=StratifiedKFold(n_splits=10, random_state=None, shuffle=False), round=4, cross_validation=True, predict=True, fit_kwargs={}, groups=None, refit=False, verbose=False, system=False, metrics=None, experiment_custom_tags=None, add_to_model_list=True, probability_threshold=None, display=<pycaret.internal.Display.Display object at 0x00000237EE858FC8>, return_train_score=False, kwargs={})
2023-03-12 23:41:57,947:INFO:Checking exceptions
2023-03-12 23:41:57,947:INFO:Importing libraries
2023-03-12 23:41:57,947:INFO:Copying training dataset
2023-03-12 23:41:57,948:INFO:Defining folds
2023-03-12 23:41:57,948:INFO:Declaring metric variables
2023-03-12 23:41:57,953:INFO:Importing untrained model
2023-03-12 23:41:57,958:INFO:Ridge Classifier Imported succesfully
2023-03-12 23:41:57,970:INFO:Starting cross validation
2023-03-12 23:41:57,971:INFO:Cross validating with StratifiedKFold(n_splits=10, random_state=None, shuffle=False), n_jobs=-1
2023-03-12 23:41:58,161:INFO:Calculating mean and std
2023-03-12 23:41:58,163:INFO:Creating metrics dataframe
2023-03-12 23:41:58,175:INFO:Uploading results into container
2023-03-12 23:41:58,175:INFO:Uploading model into container now
2023-03-12 23:41:58,175:INFO:create_model_container: 6
2023-03-12 23:41:58,175:INFO:master_model_container: 6
2023-03-12 23:41:58,176:INFO:display_container: 2
2023-03-12 23:41:58,177:INFO:RidgeClassifier(alpha=1.0, class_weight=None, copy_X=True, fit_intercept=True,
                max_iter=None, normalize=False, random_state=2429,
                solver='auto', tol=0.001)
2023-03-12 23:41:58,177:INFO:create_model() succesfully completed......................................
2023-03-12 23:41:58,259:INFO:SubProcess create_model() end ==================================
2023-03-12 23:41:58,259:INFO:Creating metrics dataframe
2023-03-12 23:41:58,271:INFO:Initializing Random Forest Classifier
2023-03-12 23:41:58,271:INFO:Total runtime is 0.14151852130889894 minutes
2023-03-12 23:41:58,277:INFO:SubProcess create_model() called ==================================
2023-03-12 23:41:58,277:INFO:Initializing create_model()
2023-03-12 23:41:58,277:INFO:create_model(estimator=rf, fold=StratifiedKFold(n_splits=10, random_state=None, shuffle=False), round=4, cross_validation=True, predict=True, fit_kwargs={}, groups=None, refit=False, verbose=False, system=False, metrics=None, experiment_custom_tags=None, add_to_model_list=True, probability_threshold=None, display=<pycaret.internal.Display.Display object at 0x00000237EE858FC8>, return_train_score=False, kwargs={})
2023-03-12 23:41:58,277:INFO:Checking exceptions
2023-03-12 23:41:58,277:INFO:Importing libraries
2023-03-12 23:41:58,277:INFO:Copying training dataset
2023-03-12 23:41:58,278:INFO:Defining folds
2023-03-12 23:41:58,278:INFO:Declaring metric variables
2023-03-12 23:41:58,284:INFO:Importing untrained model
2023-03-12 23:41:58,289:INFO:Random Forest Classifier Imported succesfully
2023-03-12 23:41:58,301:INFO:Starting cross validation
2023-03-12 23:41:58,301:INFO:Cross validating with StratifiedKFold(n_splits=10, random_state=None, shuffle=False), n_jobs=-1
2023-03-12 23:42:03,093:INFO:Calculating mean and std
2023-03-12 23:42:03,095:INFO:Creating metrics dataframe
2023-03-12 23:42:03,100:INFO:Uploading results into container
2023-03-12 23:42:03,100:INFO:Uploading model into container now
2023-03-12 23:42:03,100:INFO:create_model_container: 7
2023-03-12 23:42:03,100:INFO:master_model_container: 7
2023-03-12 23:42:03,100:INFO:display_container: 2
2023-03-12 23:42:03,100:INFO:RandomForestClassifier(bootstrap=True, ccp_alpha=0.0, class_weight=None,
                       criterion='gini', max_depth=None, max_features='auto',
                       max_leaf_nodes=None, max_samples=None,
                       min_impurity_decrease=0.0, min_impurity_split=None,
                       min_samples_leaf=1, min_samples_split=2,
                       min_weight_fraction_leaf=0.0, n_estimators=100,
                       n_jobs=-1, oob_score=False, random_state=2429, verbose=0,
                       warm_start=False)
2023-03-12 23:42:03,100:INFO:create_model() succesfully completed......................................
2023-03-12 23:42:03,162:INFO:SubProcess create_model() end ==================================
2023-03-12 23:42:03,162:INFO:Creating metrics dataframe
2023-03-12 23:42:03,174:INFO:Initializing Quadratic Discriminant Analysis
2023-03-12 23:42:03,174:INFO:Total runtime is 0.2232244610786438 minutes
2023-03-12 23:42:03,180:INFO:SubProcess create_model() called ==================================
2023-03-12 23:42:03,180:INFO:Initializing create_model()
2023-03-12 23:42:03,180:INFO:create_model(estimator=qda, fold=StratifiedKFold(n_splits=10, random_state=None, shuffle=False), round=4, cross_validation=True, predict=True, fit_kwargs={}, groups=None, refit=False, verbose=False, system=False, metrics=None, experiment_custom_tags=None, add_to_model_list=True, probability_threshold=None, display=<pycaret.internal.Display.Display object at 0x00000237EE858FC8>, return_train_score=False, kwargs={})
2023-03-12 23:42:03,180:INFO:Checking exceptions
2023-03-12 23:42:03,180:INFO:Importing libraries
2023-03-12 23:42:03,180:INFO:Copying training dataset
2023-03-12 23:42:03,181:INFO:Defining folds
2023-03-12 23:42:03,182:INFO:Declaring metric variables
2023-03-12 23:42:03,188:INFO:Importing untrained model
2023-03-12 23:42:03,194:INFO:Quadratic Discriminant Analysis Imported succesfully
2023-03-12 23:42:03,206:INFO:Starting cross validation
2023-03-12 23:42:03,206:INFO:Cross validating with StratifiedKFold(n_splits=10, random_state=None, shuffle=False), n_jobs=-1
2023-03-12 23:42:03,470:INFO:Calculating mean and std
2023-03-12 23:42:03,473:INFO:Creating metrics dataframe
2023-03-12 23:42:03,490:INFO:Uploading results into container
2023-03-12 23:42:03,490:INFO:Uploading model into container now
2023-03-12 23:42:03,491:INFO:create_model_container: 8
2023-03-12 23:42:03,491:INFO:master_model_container: 8
2023-03-12 23:42:03,491:INFO:display_container: 2
2023-03-12 23:42:03,491:INFO:QuadraticDiscriminantAnalysis(priors=None, reg_param=0.0,
                              store_covariance=False, tol=0.0001)
2023-03-12 23:42:03,492:INFO:create_model() succesfully completed......................................
2023-03-12 23:42:03,573:INFO:SubProcess create_model() end ==================================
2023-03-12 23:42:03,573:INFO:Creating metrics dataframe
2023-03-12 23:42:03,586:INFO:Initializing Ada Boost Classifier
2023-03-12 23:42:03,586:INFO:Total runtime is 0.2300925056139628 minutes
2023-03-12 23:42:03,591:INFO:SubProcess create_model() called ==================================
2023-03-12 23:42:03,591:INFO:Initializing create_model()
2023-03-12 23:42:03,591:INFO:create_model(estimator=ada, fold=StratifiedKFold(n_splits=10, random_state=None, shuffle=False), round=4, cross_validation=True, predict=True, fit_kwargs={}, groups=None, refit=False, verbose=False, system=False, metrics=None, experiment_custom_tags=None, add_to_model_list=True, probability_threshold=None, display=<pycaret.internal.Display.Display object at 0x00000237EE858FC8>, return_train_score=False, kwargs={})
2023-03-12 23:42:03,591:INFO:Checking exceptions
2023-03-12 23:42:03,591:INFO:Importing libraries
2023-03-12 23:42:03,591:INFO:Copying training dataset
2023-03-12 23:42:03,592:INFO:Defining folds
2023-03-12 23:42:03,592:INFO:Declaring metric variables
2023-03-12 23:42:03,598:INFO:Importing untrained model
2023-03-12 23:42:03,603:INFO:Ada Boost Classifier Imported succesfully
2023-03-12 23:42:03,614:INFO:Starting cross validation
2023-03-12 23:42:03,615:INFO:Cross validating with StratifiedKFold(n_splits=10, random_state=None, shuffle=False), n_jobs=-1
2023-03-12 23:42:07,846:INFO:Calculating mean and std
2023-03-12 23:42:07,849:INFO:Creating metrics dataframe
2023-03-12 23:42:07,867:INFO:Uploading results into container
2023-03-12 23:42:07,867:INFO:Uploading model into container now
2023-03-12 23:42:07,868:INFO:create_model_container: 9
2023-03-12 23:42:07,868:INFO:master_model_container: 9
2023-03-12 23:42:07,868:INFO:display_container: 2
2023-03-12 23:42:07,869:INFO:AdaBoostClassifier(algorithm='SAMME.R', base_estimator=None, learning_rate=1.0,
                   n_estimators=50, random_state=2429)
2023-03-12 23:42:07,869:INFO:create_model() succesfully completed......................................
2023-03-12 23:42:07,959:INFO:SubProcess create_model() end ==================================
2023-03-12 23:42:07,959:INFO:Creating metrics dataframe
2023-03-12 23:42:07,971:INFO:Initializing Gradient Boosting Classifier
2023-03-12 23:42:07,971:INFO:Total runtime is 0.30318928162256875 minutes
2023-03-12 23:42:07,977:INFO:SubProcess create_model() called ==================================
2023-03-12 23:42:07,977:INFO:Initializing create_model()
2023-03-12 23:42:07,977:INFO:create_model(estimator=gbc, fold=StratifiedKFold(n_splits=10, random_state=None, shuffle=False), round=4, cross_validation=True, predict=True, fit_kwargs={}, groups=None, refit=False, verbose=False, system=False, metrics=None, experiment_custom_tags=None, add_to_model_list=True, probability_threshold=None, display=<pycaret.internal.Display.Display object at 0x00000237EE858FC8>, return_train_score=False, kwargs={})
2023-03-12 23:42:07,977:INFO:Checking exceptions
2023-03-12 23:42:07,977:INFO:Importing libraries
2023-03-12 23:42:07,977:INFO:Copying training dataset
2023-03-12 23:42:07,978:INFO:Defining folds
2023-03-12 23:42:07,978:INFO:Declaring metric variables
2023-03-12 23:42:07,983:INFO:Importing untrained model
2023-03-12 23:42:07,989:INFO:Gradient Boosting Classifier Imported succesfully
2023-03-12 23:42:08,000:INFO:Starting cross validation
2023-03-12 23:42:08,000:INFO:Cross validating with StratifiedKFold(n_splits=10, random_state=None, shuffle=False), n_jobs=-1
2023-03-12 23:43:22,887:INFO:Calculating mean and std
2023-03-12 23:43:22,890:INFO:Creating metrics dataframe
2023-03-12 23:43:22,908:INFO:Uploading results into container
2023-03-12 23:43:22,909:INFO:Uploading model into container now
2023-03-12 23:43:22,909:INFO:create_model_container: 10
2023-03-12 23:43:22,909:INFO:master_model_container: 10
2023-03-12 23:43:22,910:INFO:display_container: 2
2023-03-12 23:43:22,911:INFO:GradientBoostingClassifier(ccp_alpha=0.0, criterion='friedman_mse', init=None,
                           learning_rate=0.1, loss='deviance', max_depth=3,
                           max_features=None, max_leaf_nodes=None,
                           min_impurity_decrease=0.0, min_impurity_split=None,
                           min_samples_leaf=1, min_samples_split=2,
                           min_weight_fraction_leaf=0.0, n_estimators=100,
                           n_iter_no_change=None, presort='deprecated',
                           random_state=2429, subsample=1.0, tol=0.0001,
                           validation_fraction=0.1, verbose=0,
                           warm_start=False)
2023-03-12 23:43:22,912:INFO:create_model() succesfully completed......................................
2023-03-12 23:43:23,002:INFO:SubProcess create_model() end ==================================
2023-03-12 23:43:23,003:INFO:Creating metrics dataframe
2023-03-12 23:43:23,015:INFO:Initializing Linear Discriminant Analysis
2023-03-12 23:43:23,015:INFO:Total runtime is 1.5539153973261515 minutes
2023-03-12 23:43:23,021:INFO:SubProcess create_model() called ==================================
2023-03-12 23:43:23,021:INFO:Initializing create_model()
2023-03-12 23:43:23,021:INFO:create_model(estimator=lda, fold=StratifiedKFold(n_splits=10, random_state=None, shuffle=False), round=4, cross_validation=True, predict=True, fit_kwargs={}, groups=None, refit=False, verbose=False, system=False, metrics=None, experiment_custom_tags=None, add_to_model_list=True, probability_threshold=None, display=<pycaret.internal.Display.Display object at 0x00000237EE858FC8>, return_train_score=False, kwargs={})
2023-03-12 23:43:23,021:INFO:Checking exceptions
2023-03-12 23:43:23,021:INFO:Importing libraries
2023-03-12 23:43:23,021:INFO:Copying training dataset
2023-03-12 23:43:23,022:INFO:Defining folds
2023-03-12 23:43:23,022:INFO:Declaring metric variables
2023-03-12 23:43:23,027:INFO:Importing untrained model
2023-03-12 23:43:23,032:INFO:Linear Discriminant Analysis Imported succesfully
2023-03-12 23:43:23,043:INFO:Starting cross validation
2023-03-12 23:43:23,043:INFO:Cross validating with StratifiedKFold(n_splits=10, random_state=None, shuffle=False), n_jobs=-1
2023-03-12 23:43:23,509:INFO:Calculating mean and std
2023-03-12 23:43:23,512:INFO:Creating metrics dataframe
2023-03-12 23:43:23,530:INFO:Uploading results into container
2023-03-12 23:43:23,530:INFO:Uploading model into container now
2023-03-12 23:43:23,531:INFO:create_model_container: 11
2023-03-12 23:43:23,532:INFO:master_model_container: 11
2023-03-12 23:43:23,532:INFO:display_container: 2
2023-03-12 23:43:23,533:INFO:LinearDiscriminantAnalysis(n_components=None, priors=None, shrinkage=None,
                           solver='svd', store_covariance=False, tol=0.0001)
2023-03-12 23:43:23,533:INFO:create_model() succesfully completed......................................
2023-03-12 23:43:23,621:INFO:SubProcess create_model() end ==================================
2023-03-12 23:43:23,621:INFO:Creating metrics dataframe
2023-03-12 23:43:23,634:INFO:Initializing Extra Trees Classifier
2023-03-12 23:43:23,634:INFO:Total runtime is 1.564232587814331 minutes
2023-03-12 23:43:23,639:INFO:SubProcess create_model() called ==================================
2023-03-12 23:43:23,639:INFO:Initializing create_model()
2023-03-12 23:43:23,639:INFO:create_model(estimator=et, fold=StratifiedKFold(n_splits=10, random_state=None, shuffle=False), round=4, cross_validation=True, predict=True, fit_kwargs={}, groups=None, refit=False, verbose=False, system=False, metrics=None, experiment_custom_tags=None, add_to_model_list=True, probability_threshold=None, display=<pycaret.internal.Display.Display object at 0x00000237EE858FC8>, return_train_score=False, kwargs={})
2023-03-12 23:43:23,639:INFO:Checking exceptions
2023-03-12 23:43:23,639:INFO:Importing libraries
2023-03-12 23:43:23,640:INFO:Copying training dataset
2023-03-12 23:43:23,640:INFO:Defining folds
2023-03-12 23:43:23,640:INFO:Declaring metric variables
2023-03-12 23:43:23,646:INFO:Importing untrained model
2023-03-12 23:43:23,651:INFO:Extra Trees Classifier Imported succesfully
2023-03-12 23:43:23,662:INFO:Starting cross validation
2023-03-12 23:43:23,663:INFO:Cross validating with StratifiedKFold(n_splits=10, random_state=None, shuffle=False), n_jobs=-1
2023-03-12 23:43:26,106:INFO:Calculating mean and std
2023-03-12 23:43:26,109:INFO:Creating metrics dataframe
2023-03-12 23:43:26,128:INFO:Uploading results into container
2023-03-12 23:43:26,129:INFO:Uploading model into container now
2023-03-12 23:43:26,129:INFO:create_model_container: 12
2023-03-12 23:43:26,130:INFO:master_model_container: 12
2023-03-12 23:43:26,130:INFO:display_container: 2
2023-03-12 23:43:26,132:INFO:ExtraTreesClassifier(bootstrap=False, ccp_alpha=0.0, class_weight=None,
                     criterion='gini', max_depth=None, max_features='auto',
                     max_leaf_nodes=None, max_samples=None,
                     min_impurity_decrease=0.0, min_impurity_split=None,
                     min_samples_leaf=1, min_samples_split=2,
                     min_weight_fraction_leaf=0.0, n_estimators=100, n_jobs=-1,
                     oob_score=False, random_state=2429, verbose=0,
                     warm_start=False)
2023-03-12 23:43:26,132:INFO:create_model() succesfully completed......................................
2023-03-12 23:43:26,229:INFO:SubProcess create_model() end ==================================
2023-03-12 23:43:26,229:INFO:Creating metrics dataframe
2023-03-12 23:43:26,243:INFO:Initializing Light Gradient Boosting Machine
2023-03-12 23:43:26,244:INFO:Total runtime is 1.6077248613039652 minutes
2023-03-12 23:43:26,248:INFO:SubProcess create_model() called ==================================
2023-03-12 23:43:26,248:INFO:Initializing create_model()
2023-03-12 23:43:26,249:INFO:create_model(estimator=lightgbm, fold=StratifiedKFold(n_splits=10, random_state=None, shuffle=False), round=4, cross_validation=True, predict=True, fit_kwargs={}, groups=None, refit=False, verbose=False, system=False, metrics=None, experiment_custom_tags=None, add_to_model_list=True, probability_threshold=None, display=<pycaret.internal.Display.Display object at 0x00000237EE858FC8>, return_train_score=False, kwargs={})
2023-03-12 23:43:26,249:INFO:Checking exceptions
2023-03-12 23:43:26,249:INFO:Importing libraries
2023-03-12 23:43:26,249:INFO:Copying training dataset
2023-03-12 23:43:26,249:INFO:Defining folds
2023-03-12 23:43:26,250:INFO:Declaring metric variables
2023-03-12 23:43:26,255:INFO:Importing untrained model
2023-03-12 23:43:26,260:INFO:Light Gradient Boosting Machine Imported succesfully
2023-03-12 23:43:26,272:INFO:Starting cross validation
2023-03-12 23:43:26,272:INFO:Cross validating with StratifiedKFold(n_splits=10, random_state=None, shuffle=False), n_jobs=-1
2023-03-12 23:43:36,275:INFO:Calculating mean and std
2023-03-12 23:43:36,276:INFO:Creating metrics dataframe
2023-03-12 23:43:36,280:INFO:Uploading results into container
2023-03-12 23:43:36,280:INFO:Uploading model into container now
2023-03-12 23:43:36,280:INFO:create_model_container: 13
2023-03-12 23:43:36,280:INFO:master_model_container: 13
2023-03-12 23:43:36,280:INFO:display_container: 2
2023-03-12 23:43:36,280:INFO:LGBMClassifier(boosting_type='gbdt', class_weight=None, colsample_bytree=1.0,
               importance_type='split', learning_rate=0.1, max_depth=-1,
               min_child_samples=20, min_child_weight=0.001, min_split_gain=0.0,
               n_estimators=100, n_jobs=-1, num_leaves=31, objective=None,
               random_state=2429, reg_alpha=0.0, reg_lambda=0.0, silent='warn',
               subsample=1.0, subsample_for_bin=200000, subsample_freq=0)
2023-03-12 23:43:36,280:INFO:create_model() succesfully completed......................................
2023-03-12 23:43:36,341:INFO:SubProcess create_model() end ==================================
2023-03-12 23:43:36,341:INFO:Creating metrics dataframe
2023-03-12 23:43:36,355:INFO:Initializing Dummy Classifier
2023-03-12 23:43:36,355:INFO:Total runtime is 1.7762471357981364 minutes
2023-03-12 23:43:36,361:INFO:SubProcess create_model() called ==================================
2023-03-12 23:43:36,361:INFO:Initializing create_model()
2023-03-12 23:43:36,361:INFO:create_model(estimator=dummy, fold=StratifiedKFold(n_splits=10, random_state=None, shuffle=False), round=4, cross_validation=True, predict=True, fit_kwargs={}, groups=None, refit=False, verbose=False, system=False, metrics=None, experiment_custom_tags=None, add_to_model_list=True, probability_threshold=None, display=<pycaret.internal.Display.Display object at 0x00000237EE858FC8>, return_train_score=False, kwargs={})
2023-03-12 23:43:36,361:INFO:Checking exceptions
2023-03-12 23:43:36,361:INFO:Importing libraries
2023-03-12 23:43:36,361:INFO:Copying training dataset
2023-03-12 23:43:36,362:INFO:Defining folds
2023-03-12 23:43:36,362:INFO:Declaring metric variables
2023-03-12 23:43:36,367:INFO:Importing untrained model
2023-03-12 23:43:36,373:INFO:Dummy Classifier Imported succesfully
2023-03-12 23:43:36,385:INFO:Starting cross validation
2023-03-12 23:43:36,385:INFO:Cross validating with StratifiedKFold(n_splits=10, random_state=None, shuffle=False), n_jobs=-1
2023-03-12 23:43:36,573:INFO:Calculating mean and std
2023-03-12 23:43:36,574:INFO:Creating metrics dataframe
2023-03-12 23:43:36,578:INFO:Uploading results into container
2023-03-12 23:43:36,579:INFO:Uploading model into container now
2023-03-12 23:43:36,579:INFO:create_model_container: 14
2023-03-12 23:43:36,579:INFO:master_model_container: 14
2023-03-12 23:43:36,579:INFO:display_container: 2
2023-03-12 23:43:36,579:INFO:DummyClassifier(constant=None, random_state=2429, strategy='prior')
2023-03-12 23:43:36,579:INFO:create_model() succesfully completed......................................
2023-03-12 23:43:36,644:INFO:SubProcess create_model() end ==================================
2023-03-12 23:43:36,644:INFO:Creating metrics dataframe
2023-03-12 23:43:36,670:INFO:Initializing create_model()
2023-03-12 23:43:36,670:INFO:create_model(estimator=RidgeClassifier(alpha=1.0, class_weight=None, copy_X=True, fit_intercept=True,
                max_iter=None, normalize=False, random_state=2429,
                solver='auto', tol=0.001), fold=StratifiedKFold(n_splits=10, random_state=None, shuffle=False), round=4, cross_validation=False, predict=False, fit_kwargs={}, groups=None, refit=True, verbose=False, system=False, metrics=None, experiment_custom_tags=None, add_to_model_list=True, probability_threshold=None, display=None, return_train_score=False, kwargs={})
2023-03-12 23:43:36,670:INFO:Checking exceptions
2023-03-12 23:43:36,670:INFO:Importing libraries
2023-03-12 23:43:36,670:INFO:Copying training dataset
2023-03-12 23:43:36,671:INFO:Defining folds
2023-03-12 23:43:36,671:INFO:Declaring metric variables
2023-03-12 23:43:36,671:INFO:Importing untrained model
2023-03-12 23:43:36,671:INFO:Declaring custom model
2023-03-12 23:43:36,672:INFO:Ridge Classifier Imported succesfully
2023-03-12 23:43:36,672:INFO:Cross validation set to False
2023-03-12 23:43:36,672:INFO:Fitting Model
2023-03-12 23:43:36,684:INFO:RidgeClassifier(alpha=1.0, class_weight=None, copy_X=True, fit_intercept=True,
                max_iter=None, normalize=False, random_state=2429,
                solver='auto', tol=0.001)
2023-03-12 23:43:36,684:INFO:create_models() succesfully completed......................................
2023-03-12 23:43:36,775:INFO:create_model_container: 14
2023-03-12 23:43:36,775:INFO:master_model_container: 14
2023-03-12 23:43:36,775:INFO:display_container: 2
2023-03-12 23:43:36,775:INFO:RidgeClassifier(alpha=1.0, class_weight=None, copy_X=True, fit_intercept=True,
                max_iter=None, normalize=False, random_state=2429,
                solver='auto', tol=0.001)
2023-03-12 23:43:36,775:INFO:compare_models() succesfully completed......................................
2023-03-12 23:43:36,795:INFO:Initializing evaluate_model()
2023-03-12 23:43:36,795:INFO:evaluate_model(estimator=RidgeClassifier(alpha=1.0, class_weight=None, copy_X=True, fit_intercept=True,
                max_iter=None, normalize=False, random_state=2429,
                solver='auto', tol=0.001), fold=None, fit_kwargs=None, plot_kwargs=None, feature_name=None, groups=None, use_train_data=False)
2023-03-12 23:43:37,045:INFO:Initializing plot_model()
2023-03-12 23:43:37,046:INFO:plot_model(fold=StratifiedKFold(n_splits=10, random_state=None, shuffle=False), use_train_data=False, verbose=True, is_in_evaluate=True, display=None, display_format=None, estimator=RidgeClassifier(alpha=1.0, class_weight=None, copy_X=True, fit_intercept=True,
                max_iter=None, normalize=False, random_state=2429,
                solver='auto', tol=0.001), feature_name=None, fit_kwargs={}, groups=None, label=False, plot=parameter, plot_kwargs={}, save=False, scale=1, system=True)
2023-03-12 23:43:37,047:INFO:Checking exceptions
2023-03-12 23:43:37,048:INFO:Preparing display monitor
2023-03-12 23:43:37,056:INFO:Preloading libraries
2023-03-12 23:43:37,058:INFO:Copying training dataset
2023-03-12 23:43:37,059:INFO:Copying test dataset
2023-03-12 23:43:37,059:INFO:Plot type: parameter
2023-03-12 23:43:37,065:INFO:Visual Rendered Successfully
2023-03-12 23:43:37,132:INFO:plot_model() succesfully completed......................................
2023-03-12 23:43:37,137:INFO:Initializing plot_model()
2023-03-12 23:43:37,137:INFO:plot_model(fold=None, use_train_data=False, verbose=True, is_in_evaluate=False, display=None, display_format=None, estimator=RidgeClassifier(alpha=1.0, class_weight=None, copy_X=True, fit_intercept=True,
                max_iter=None, normalize=False, random_state=2429,
                solver='auto', tol=0.001), feature_name=None, fit_kwargs=None, groups=None, label=False, plot=confusion_matrix, plot_kwargs=None, save=False, scale=1, system=True)
2023-03-12 23:43:37,137:INFO:Checking exceptions
2023-03-12 23:43:37,138:INFO:Preparing display monitor
2023-03-12 23:43:37,140:INFO:Preloading libraries
2023-03-12 23:43:37,140:INFO:Copying training dataset
2023-03-12 23:43:37,141:INFO:Copying test dataset
2023-03-12 23:43:37,141:INFO:Plot type: confusion_matrix
2023-03-12 23:43:37,142:INFO:Initializing get_config()
2023-03-12 23:43:37,142:INFO:get_config(variable=prep_pipe)
2023-03-12 23:43:37,145:INFO:Global variable: prep_pipe returned as Pipeline(memory=None,
         steps=[('dtypes',
                 DataTypes_Auto_infer(categorical_features=[],
                                      display_types=True, features_todrop=[],
                                      id_columns=[],
                                      ml_usecase='classification',
                                      numerical_features=[], target='SECTION',
                                      time_features=[])),
                ('imputer',
                 Simple_Imputer(categorical_strategy='not_available',
                                fill_value_categorical=None,
                                fill_value_numerical=None,
                                numeric_stra...
                ('scaling', 'passthrough'), ('P_transform', 'passthrough'),
                ('binn', 'passthrough'), ('rem_outliers', 'passthrough'),
                ('cluster_all', 'passthrough'),
                ('dummy', Dummify(target='SECTION')),
                ('fix_perfect', Remove_100(target='SECTION')),
                ('clean_names', Clean_Colum_Names()),
                ('feature_select', 'passthrough'), ('fix_multi', 'passthrough'),
                ('dfs', 'passthrough'), ('pca', 'passthrough')],
         verbose=False)
2023-03-12 23:43:37,145:INFO:get_config() succesfully completed......................................
2023-03-12 23:43:37,146:INFO:Fitting Model
2023-03-12 23:43:37,147:INFO:Scoring test/hold-out set
2023-03-12 23:43:37,294:INFO:Visual Rendered Successfully
2023-03-12 23:43:37,360:INFO:plot_model() succesfully completed......................................
